# QEMU configure log lun 25 nov 2024, 09:44:01, CET
# Configured with: '/home/ren/CyberSecurity/CAOS_Project_venv/CAOS_mio/qemu/configure'

#
cc -c -o config-temp/qemu-conf.o config-temp/qemu-conf.c
cc -c -o config-temp/qemu-conf.o config-temp/qemu-conf.c
config-temp/qemu-conf.c:2:2: error: #error __i386__ not defined
    2 | #error __i386__ not defined
      |  ^~~~~
cc -c -o config-temp/qemu-conf.o config-temp/qemu-conf.c
cc -c -o config-temp/qemu-conf.o config-temp/qemu-conf.c
config-temp/qemu-conf.c:2:2: error: #error __ILP32__ not defined
    2 | #error __ILP32__ not defined
      |  ^~~~~
cc -m64 -m64 -c -o config-temp/qemu-conf.o config-temp/qemu-conf.c
cc -m64 -c -o config-temp/qemu-conf.o config-temp/qemu-conf.c
cc -m64 -Werror -fPIE -DPIE -o config-temp/qemu-conf.exe config-temp/qemu-conf.c -pie
cc -m64 -o config-temp/qemu-conf.exe config-temp/qemu-conf.c
config-temp/qemu-conf.c:2:3: error: #error LITTLE
    2 | # error LITTLE
      |   ^~~~~
cc -m32 -o config-temp/qemu-conf.o -c config-temp/qemu-conf.c
cc -m32 -r -nostdlib -o config-temp/qemu-conf2.o config-temp/qemu-conf.o -lgcc
/usr/bin/ld: saltato /usr/lib/gcc/x86_64-linux-gnu/13/libgcc.a incompatibile durante la ricerca di -lgcc
/usr/bin/ld: impossibile trovare -lgcc: File o directory non esistente
collect2: error: ld returned 1 exit status
cc -m64 -mcx16 -o config-temp/qemu-conf.exe config-temp/qemu-conf.c -static
cc -m32 -o config-temp/qemu-conf.o -c config-temp/qemu-conf.c
cc -m32 -r -nostdlib -o config-temp/qemu-conf2.o config-temp/qemu-conf.o -lgcc
/usr/bin/ld: saltato /usr/lib/gcc/x86_64-linux-gnu/13/libgcc.a incompatibile durante la ricerca di -lgcc
/usr/bin/ld: impossibile trovare -lgcc: File o directory non esistente
collect2: error: ld returned 1 exit status
cc -m64 -mcx16 -o config-temp/qemu-conf.o -c config-temp/qemu-conf.c
cc -m64 -mcx16 -r -nostdlib -o config-temp/qemu-conf2.o config-temp/qemu-conf.o -lgcc
